<?xml version="1.0" encoding="UTF-8"?>
<!-- Generated by org.testng.reporters.JUnitReportReporter -->
<testsuite hostname="KISHU-DELL-DESK" failures="0" tests="1" name="com.test.helpers.UserServiceHelper" time="3.959" errors="0" timestamp="2022-06-09T00:49:42 EDT" skipped="0">
  <testcase classname="com.test.helpers.UserServiceHelper" name="loginToApplication" time="3.959"/>
  <system-out/>
</testsuite> <!-- com.test.helpers.UserServiceHelper -->
