<?xml version="1.0" encoding="UTF-8"?>
<!-- Generated by org.testng.reporters.JUnitReportReporter -->
<testsuite hostname="KISHU-DELL-DESK" failures="0" tests="4" name="com.tests.TekArchApiCRUD" time="11.717" errors="0" timestamp="2022-06-10T01:43:45 EDT" skipped="3">
  <testcase classname="com.tests.TekArchApiCRUD" name="getUsers" time="11.717"/>
  <system-out/>
  <testcase classname="com.tests.TekArchApiCRUD" name="deleteUser">
    <skipped/>
  </testcase> <!-- deleteUser -->
  <system-out/>
  <testcase classname="com.tests.TekArchApiCRUD" name="updateUser">
    <skipped/>
  </testcase> <!-- updateUser -->
  <system-out/>
  <testcase classname="com.tests.TekArchApiCRUD" name="createUser">
    <skipped/>
  </testcase> <!-- createUser -->
  <system-out/>
</testsuite> <!-- com.tests.TekArchApiCRUD -->
