<?xml version="1.0" encoding="UTF-8"?>
<!-- Generated by org.testng.reporters.JUnitReportReporter -->
<testsuite hostname="KISHU-DELL-DESK" failures="0" tests="2" name="com.tests.SampleTestWithRest" time="2.640" errors="0" timestamp="2022-06-05T19:28:50 EDT" skipped="1">
  <testcase classname="com.tests.SampleTestWithRest" name="getFlightData1" time="2.640"/>
  <system-out/>
  <testcase classname="com.tests.SampleTestWithRest" name="getFlightData">
    <skipped/>
  </testcase> <!-- getFlightData -->
  <system-out/>
</testsuite> <!-- com.tests.SampleTestWithRest -->
